<?xml version="1.0" encoding="UTF-8"?>
<testsuite xmlns:xsi="http://www.w3.org/2001/XMLSchema-instance" xsi:noNamespaceSchemaLocation="https://maven.apache.org/surefire/maven-surefire-plugin/xsd/surefire-test-report-3.0.xsd" version="3.0" name="com.uru.grpc.AppTest" time="0.052" tests="1" errors="0" skipped="0" failures="0">
  <properties>
    <property name="java.specification.version" value="21"/>
    <property name="sun.cpu.isalist" value="amd64"/>
    <property name="sun.jnu.encoding" value="Cp1252"/>
    <property name="java.class.path" value="D:\Diego&apos;s Stuff\Tareas\10 Trimestre\Sistemas distribuidos\java-grpc\grpc-java-test\target\test-classes;D:\Diego&apos;s Stuff\Tareas\10 Trimestre\Sistemas distribuidos\java-grpc\grpc-java-test\target\classes;C:\Users\diego\.m2\repository\junit\junit\3.8.1\junit-3.8.1.jar;C:\Users\diego\.m2\repository\io\grpc\grpc-netty-shaded\1.59.0\grpc-netty-shaded-1.59.0.jar;C:\Users\diego\.m2\repository\com\google\guava\guava\32.0.1-android\guava-32.0.1-android.jar;C:\Users\diego\.m2\repository\com\google\guava\failureaccess\1.0.1\failureaccess-1.0.1.jar;C:\Users\diego\.m2\repository\com\google\guava\listenablefuture\9999.0-empty-to-avoid-conflict-with-guava\listenablefuture-9999.0-empty-to-avoid-conflict-with-guava.jar;C:\Users\diego\.m2\repository\org\checkerframework\checker-qual\3.33.0\checker-qual-3.33.0.jar;C:\Users\diego\.m2\repository\com\google\j2objc\j2objc-annotations\2.8\j2objc-annotations-2.8.jar;C:\Users\diego\.m2\repository\com\google\errorprone\error_prone_annotations\2.20.0\error_prone_annotations-2.20.0.jar;C:\Users\diego\.m2\repository\io\perfmark\perfmark-api\0.26.0\perfmark-api-0.26.0.jar;C:\Users\diego\.m2\repository\io\grpc\grpc-core\1.59.0\grpc-core-1.59.0.jar;C:\Users\diego\.m2\repository\com\google\code\gson\gson\2.10.1\gson-2.10.1.jar;C:\Users\diego\.m2\repository\com\google\android\annotations\4.1.1.4\annotations-4.1.1.4.jar;C:\Users\diego\.m2\repository\org\codehaus\mojo\animal-sniffer-annotations\1.23\animal-sniffer-annotations-1.23.jar;C:\Users\diego\.m2\repository\io\grpc\grpc-context\1.59.0\grpc-context-1.59.0.jar;C:\Users\diego\.m2\repository\io\grpc\grpc-util\1.59.0\grpc-util-1.59.0.jar;C:\Users\diego\.m2\repository\io\grpc\grpc-protobuf\1.59.0\grpc-protobuf-1.59.0.jar;C:\Users\diego\.m2\repository\io\grpc\grpc-api\1.59.0\grpc-api-1.59.0.jar;C:\Users\diego\.m2\repository\com\google\code\findbugs\jsr305\3.0.2\jsr305-3.0.2.jar;C:\Users\diego\.m2\repository\com\google\protobuf\protobuf-java\3.24.0\protobuf-java-3.24.0.jar;C:\Users\diego\.m2\repository\com\google\api\grpc\proto-google-common-protos\2.22.0\proto-google-common-protos-2.22.0.jar;C:\Users\diego\.m2\repository\io\grpc\grpc-protobuf-lite\1.59.0\grpc-protobuf-lite-1.59.0.jar;C:\Users\diego\.m2\repository\io\grpc\grpc-stub\1.59.0\grpc-stub-1.59.0.jar;C:\Users\diego\.m2\repository\org\apache\tomcat\annotations-api\6.0.53\annotations-api-6.0.53.jar;"/>
    <property name="java.vm.vendor" value="Oracle Corporation"/>
    <property name="sun.arch.data.model" value="64"/>
    <property name="user.variant" value=""/>
    <property name="java.vendor.url" value="https://java.oracle.com/"/>
    <property name="user.timezone" value="America/Caracas"/>
    <property name="os.name" value="Windows 11"/>
    <property name="java.vm.specification.version" value="21"/>
    <property name="sun.java.launcher" value="SUN_STANDARD"/>
    <property name="user.country" value="US"/>
    <property name="sun.boot.library.path" value="C:\Program Files\Java\jdk-21\bin"/>
    <property name="sun.java.command" value="C:\Users\diego\AppData\Local\Temp\surefire15772160784720916055\surefirebooter-20231113213434706_3.jar C:\Users\diego\AppData\Local\Temp\surefire15772160784720916055 2023-11-13T21-34-34_113-jvmRun1 surefire-20231113213434706_1tmp surefire_0-20231113213434706_2tmp"/>
    <property name="jdk.debug" value="release"/>
    <property name="surefire.test.class.path" value="D:\Diego&apos;s Stuff\Tareas\10 Trimestre\Sistemas distribuidos\java-grpc\grpc-java-test\target\test-classes;D:\Diego&apos;s Stuff\Tareas\10 Trimestre\Sistemas distribuidos\java-grpc\grpc-java-test\target\classes;C:\Users\diego\.m2\repository\junit\junit\3.8.1\junit-3.8.1.jar;C:\Users\diego\.m2\repository\io\grpc\grpc-netty-shaded\1.59.0\grpc-netty-shaded-1.59.0.jar;C:\Users\diego\.m2\repository\com\google\guava\guava\32.0.1-android\guava-32.0.1-android.jar;C:\Users\diego\.m2\repository\com\google\guava\failureaccess\1.0.1\failureaccess-1.0.1.jar;C:\Users\diego\.m2\repository\com\google\guava\listenablefuture\9999.0-empty-to-avoid-conflict-with-guava\listenablefuture-9999.0-empty-to-avoid-conflict-with-guava.jar;C:\Users\diego\.m2\repository\org\checkerframework\checker-qual\3.33.0\checker-qual-3.33.0.jar;C:\Users\diego\.m2\repository\com\google\j2objc\j2objc-annotations\2.8\j2objc-annotations-2.8.jar;C:\Users\diego\.m2\repository\com\google\errorprone\error_prone_annotations\2.20.0\error_prone_annotations-2.20.0.jar;C:\Users\diego\.m2\repository\io\perfmark\perfmark-api\0.26.0\perfmark-api-0.26.0.jar;C:\Users\diego\.m2\repository\io\grpc\grpc-core\1.59.0\grpc-core-1.59.0.jar;C:\Users\diego\.m2\repository\com\google\code\gson\gson\2.10.1\gson-2.10.1.jar;C:\Users\diego\.m2\repository\com\google\android\annotations\4.1.1.4\annotations-4.1.1.4.jar;C:\Users\diego\.m2\repository\org\codehaus\mojo\animal-sniffer-annotations\1.23\animal-sniffer-annotations-1.23.jar;C:\Users\diego\.m2\repository\io\grpc\grpc-context\1.59.0\grpc-context-1.59.0.jar;C:\Users\diego\.m2\repository\io\grpc\grpc-util\1.59.0\grpc-util-1.59.0.jar;C:\Users\diego\.m2\repository\io\grpc\grpc-protobuf\1.59.0\grpc-protobuf-1.59.0.jar;C:\Users\diego\.m2\repository\io\grpc\grpc-api\1.59.0\grpc-api-1.59.0.jar;C:\Users\diego\.m2\repository\com\google\code\findbugs\jsr305\3.0.2\jsr305-3.0.2.jar;C:\Users\diego\.m2\repository\com\google\protobuf\protobuf-java\3.24.0\protobuf-java-3.24.0.jar;C:\Users\diego\.m2\repository\com\google\api\grpc\proto-google-common-protos\2.22.0\proto-google-common-protos-2.22.0.jar;C:\Users\diego\.m2\repository\io\grpc\grpc-protobuf-lite\1.59.0\grpc-protobuf-lite-1.59.0.jar;C:\Users\diego\.m2\repository\io\grpc\grpc-stub\1.59.0\grpc-stub-1.59.0.jar;C:\Users\diego\.m2\repository\org\apache\tomcat\annotations-api\6.0.53\annotations-api-6.0.53.jar;"/>
    <property name="sun.cpu.endian" value="little"/>
    <property name="user.home" value="C:\Users\diego"/>
    <property name="user.language" value="en"/>
    <property name="java.specification.vendor" value="Oracle Corporation"/>
    <property name="java.version.date" value="2023-10-17"/>
    <property name="java.home" value="C:\Program Files\Java\jdk-21"/>
    <property name="file.separator" value="\"/>
    <property name="basedir" value="D:\Diego&apos;s Stuff\Tareas\10 Trimestre\Sistemas distribuidos\java-grpc\grpc-java-test"/>
    <property name="java.vm.compressedOopsMode" value="Zero based"/>
    <property name="line.separator" value="&#10;"/>
    <property name="java.vm.specification.vendor" value="Oracle Corporation"/>
    <property name="java.specification.name" value="Java Platform API Specification"/>
    <property name="surefire.real.class.path" value="C:\Users\diego\AppData\Local\Temp\surefire15772160784720916055\surefirebooter-20231113213434706_3.jar"/>
    <property name="user.script" value=""/>
    <property name="sun.management.compiler" value="HotSpot 64-Bit Tiered Compilers"/>
    <property name="java.runtime.version" value="21.0.1+12-LTS-29"/>
    <property name="user.name" value="diego"/>
    <property name="stdout.encoding" value="Cp1252"/>
    <property name="path.separator" value=";"/>
    <property name="os.version" value="10.0"/>
    <property name="java.runtime.name" value="Java(TM) SE Runtime Environment"/>
    <property name="file.encoding" value="UTF-8"/>
    <property name="java.vm.name" value="Java HotSpot(TM) 64-Bit Server VM"/>
    <property name="localRepository" value="C:\Users\diego\.m2\repository"/>
    <property name="java.vendor.url.bug" value="https://bugreport.java.com/bugreport/"/>
    <property name="java.io.tmpdir" value="C:\Users\diego\AppData\Local\Temp\"/>
    <property name="java.version" value="21.0.1"/>
    <property name="user.dir" value="D:\Diego&apos;s Stuff\Tareas\10 Trimestre\Sistemas distribuidos\java-grpc\grpc-java-test"/>
    <property name="os.arch" value="amd64"/>
    <property name="java.vm.specification.name" value="Java Virtual Machine Specification"/>
    <property name="sun.os.patch.level" value=""/>
    <property name="native.encoding" value="Cp1252"/>
    <property name="java.library.path" value="C:\Program Files\Java\jdk-21\bin;C:\WINDOWS\Sun\Java\bin;C:\WINDOWS\system32;C:\WINDOWS;C:\Program Files\Common Files\Oracle\Java\javapath;C:\windows\system32;C:\windows;C:\windows\System32\Wbem;C:\windows\System32\WindowsPowerShell\v1.0\;C:\windows\System32\OpenSSH\;C:\Program Files (x86)\NVIDIA Corporation\PhysX\Common;C:\Program Files\NVIDIA Corporation\NVIDIA NvDLISR;C:\WINDOWS\system32;C:\WINDOWS;C:\WINDOWS\System32\Wbem;C:\WINDOWS\System32\WindowsPowerShell\v1.0\;C:\WINDOWS\System32\OpenSSH\;C:\Program Files\OpenSSL-Win64\bin;C:\Program Files\Git\cmd;C:\Program Files\nodejs\;C:\Program Files\apache-maven-3.9.5\bin;C:\Users\diego\AppData\Local\Microsoft\WindowsApps;C:\Users\diego\AppData\Local\spicetify;C:\Users\diego\AppData\Local\Programs\Microsoft VS Code\bin;C:\Users\diego\AppData\Roaming\npm;."/>
    <property name="java.vm.info" value="mixed mode, sharing"/>
    <property name="stderr.encoding" value="Cp1252"/>
    <property name="java.vendor" value="Oracle Corporation"/>
    <property name="java.vm.version" value="21.0.1+12-LTS-29"/>
    <property name="sun.io.unicode.encoding" value="UnicodeLittle"/>
    <property name="java.class.version" value="65.0"/>
  </properties>
  <testcase name="testApp" classname="com.uru.grpc.AppTest" time="0.007"/>
</testsuite>